[2025-04-01 10:41:09] [INFO]    [OmnipathR] Welcome to OmnipathR!
[2025-04-01 10:41:09] [TRACE]   [OmnipathR] Reading JSON from `/Users/hungm/Library/Caches/OmnipathR/cache.json` (encoding: UTF-8).
[2025-04-01 10:41:09] [TRACE]   [OmnipathR] JSON validation successful: TRUE
[2025-04-01 10:41:09] [INFO]    [OmnipathR] Initialized cache: `/Users/hungm/Library/Caches/OmnipathR`.
[2025-04-01 10:41:09] [TRACE]   [OmnipathR] Reading JSON from `/Library/Frameworks/R.framework/Versions/4.4-arm64/Resources/library/OmnipathR/db/db_def.json` (encoding: UTF-8).
[2025-04-01 10:41:09] [TRACE]   [OmnipathR] JSON validation successful: TRUE
[2025-04-01 10:41:09] [TRACE]   [OmnipathR] Reading JSON from `/Library/Frameworks/R.framework/Versions/4.4-arm64/Resources/library/OmnipathR/internal/magic_bytes.json` (encoding: UTF-8).
[2025-04-01 10:41:09] [TRACE]   [OmnipathR] JSON validation successful: TRUE
[2025-04-01 10:41:09] [TRACE]   [OmnipathR] Reading JSON from `/Library/Frameworks/R.framework/Versions/4.4-arm64/Resources/library/OmnipathR/internal/urls.json` (encoding: UTF-8).
[2025-04-01 10:41:09] [TRACE]   [OmnipathR] JSON validation successful: TRUE
[2025-04-01 10:41:09] [TRACE]   [OmnipathR] Reading JSON from `/Library/Frameworks/R.framework/Versions/4.4-arm64/Resources/library/OmnipathR/internal/id_types.json` (encoding: UTF-8).
[2025-04-01 10:41:09] [TRACE]   [OmnipathR] JSON validation successful: TRUE
[2025-04-01 10:41:13] [INFO]    [OmnipathR] Welcome to OmnipathR!
[2025-04-01 10:41:13] [TRACE]   [OmnipathR] Reading JSON from `/Users/hungm/Library/Caches/OmnipathR/cache.json` (encoding: UTF-8).
[2025-04-01 10:41:13] [TRACE]   [OmnipathR] JSON validation successful: TRUE
[2025-04-01 10:41:13] [INFO]    [OmnipathR] Initialized cache: `/Users/hungm/Library/Caches/OmnipathR`.
[2025-04-01 10:41:13] [TRACE]   [OmnipathR] Reading JSON from `/Library/Frameworks/R.framework/Versions/4.4-arm64/Resources/library/OmnipathR/db/db_def.json` (encoding: UTF-8).
[2025-04-01 10:41:13] [TRACE]   [OmnipathR] JSON validation successful: TRUE
[2025-04-01 10:41:13] [TRACE]   [OmnipathR] Reading JSON from `/Library/Frameworks/R.framework/Versions/4.4-arm64/Resources/library/OmnipathR/internal/magic_bytes.json` (encoding: UTF-8).
[2025-04-01 10:41:13] [TRACE]   [OmnipathR] JSON validation successful: TRUE
[2025-04-01 10:41:13] [TRACE]   [OmnipathR] Reading JSON from `/Library/Frameworks/R.framework/Versions/4.4-arm64/Resources/library/OmnipathR/internal/urls.json` (encoding: UTF-8).
[2025-04-01 10:41:13] [TRACE]   [OmnipathR] JSON validation successful: TRUE
[2025-04-01 10:41:13] [TRACE]   [OmnipathR] Reading JSON from `/Library/Frameworks/R.framework/Versions/4.4-arm64/Resources/library/OmnipathR/internal/id_types.json` (encoding: UTF-8).
[2025-04-01 10:41:13] [TRACE]   [OmnipathR] JSON validation successful: TRUE
[2025-04-01 10:41:20] [INFO]    [OmnipathR] Welcome to OmnipathR!
[2025-04-01 10:41:20] [TRACE]   [OmnipathR] Reading JSON from `/Users/hungm/Library/Caches/OmnipathR/cache.json` (encoding: UTF-8).
[2025-04-01 10:41:21] [TRACE]   [OmnipathR] JSON validation successful: TRUE
[2025-04-01 10:41:21] [INFO]    [OmnipathR] Initialized cache: `/Users/hungm/Library/Caches/OmnipathR`.
[2025-04-01 10:41:21] [TRACE]   [OmnipathR] Reading JSON from `/Library/Frameworks/R.framework/Versions/4.4-arm64/Resources/library/OmnipathR/db/db_def.json` (encoding: UTF-8).
[2025-04-01 10:41:21] [TRACE]   [OmnipathR] JSON validation successful: TRUE
[2025-04-01 10:41:21] [TRACE]   [OmnipathR] Reading JSON from `/Library/Frameworks/R.framework/Versions/4.4-arm64/Resources/library/OmnipathR/internal/magic_bytes.json` (encoding: UTF-8).
[2025-04-01 10:41:21] [TRACE]   [OmnipathR] JSON validation successful: TRUE
[2025-04-01 10:41:21] [TRACE]   [OmnipathR] Reading JSON from `/Library/Frameworks/R.framework/Versions/4.4-arm64/Resources/library/OmnipathR/internal/urls.json` (encoding: UTF-8).
[2025-04-01 10:41:21] [TRACE]   [OmnipathR] JSON validation successful: TRUE
[2025-04-01 10:41:21] [TRACE]   [OmnipathR] Reading JSON from `/Library/Frameworks/R.framework/Versions/4.4-arm64/Resources/library/OmnipathR/internal/id_types.json` (encoding: UTF-8).
[2025-04-01 10:41:21] [TRACE]   [OmnipathR] JSON validation successful: TRUE
