[2025-04-01 23:48:03] [INFO]    [OmnipathR] Welcome to OmnipathR!
[2025-04-01 23:48:03] [TRACE]   [OmnipathR] Reading JSON from `/Users/hungm/Library/Caches/OmnipathR/cache.json` (encoding: UTF-8).
[2025-04-01 23:48:03] [TRACE]   [OmnipathR] JSON validation successful: TRUE
[2025-04-01 23:48:03] [INFO]    [OmnipathR] Initialized cache: `/Users/hungm/Library/Caches/OmnipathR`.
[2025-04-01 23:48:03] [TRACE]   [OmnipathR] Reading JSON from `/Library/Frameworks/R.framework/Versions/4.4-arm64/Resources/library/OmnipathR/db/db_def.json` (encoding: UTF-8).
[2025-04-01 23:48:03] [TRACE]   [OmnipathR] JSON validation successful: TRUE
[2025-04-01 23:48:03] [TRACE]   [OmnipathR] Reading JSON from `/Library/Frameworks/R.framework/Versions/4.4-arm64/Resources/library/OmnipathR/internal/magic_bytes.json` (encoding: UTF-8).
[2025-04-01 23:48:03] [TRACE]   [OmnipathR] JSON validation successful: TRUE
[2025-04-01 23:48:03] [TRACE]   [OmnipathR] Reading JSON from `/Library/Frameworks/R.framework/Versions/4.4-arm64/Resources/library/OmnipathR/internal/urls.json` (encoding: UTF-8).
[2025-04-01 23:48:03] [TRACE]   [OmnipathR] JSON validation successful: TRUE
[2025-04-01 23:48:03] [TRACE]   [OmnipathR] Reading JSON from `/Library/Frameworks/R.framework/Versions/4.4-arm64/Resources/library/OmnipathR/internal/id_types.json` (encoding: UTF-8).
[2025-04-01 23:48:03] [TRACE]   [OmnipathR] JSON validation successful: TRUE
[2025-04-01 23:48:07] [INFO]    [OmnipathR] Welcome to OmnipathR!
[2025-04-01 23:48:07] [TRACE]   [OmnipathR] Reading JSON from `/Users/hungm/Library/Caches/OmnipathR/cache.json` (encoding: UTF-8).
[2025-04-01 23:48:07] [TRACE]   [OmnipathR] JSON validation successful: TRUE
[2025-04-01 23:48:07] [INFO]    [OmnipathR] Initialized cache: `/Users/hungm/Library/Caches/OmnipathR`.
[2025-04-01 23:48:07] [TRACE]   [OmnipathR] Reading JSON from `/Library/Frameworks/R.framework/Versions/4.4-arm64/Resources/library/OmnipathR/db/db_def.json` (encoding: UTF-8).
[2025-04-01 23:48:07] [TRACE]   [OmnipathR] JSON validation successful: TRUE
[2025-04-01 23:48:07] [TRACE]   [OmnipathR] Reading JSON from `/Library/Frameworks/R.framework/Versions/4.4-arm64/Resources/library/OmnipathR/internal/magic_bytes.json` (encoding: UTF-8).
[2025-04-01 23:48:07] [TRACE]   [OmnipathR] JSON validation successful: TRUE
[2025-04-01 23:48:07] [TRACE]   [OmnipathR] Reading JSON from `/Library/Frameworks/R.framework/Versions/4.4-arm64/Resources/library/OmnipathR/internal/urls.json` (encoding: UTF-8).
[2025-04-01 23:48:07] [TRACE]   [OmnipathR] JSON validation successful: TRUE
[2025-04-01 23:48:07] [TRACE]   [OmnipathR] Reading JSON from `/Library/Frameworks/R.framework/Versions/4.4-arm64/Resources/library/OmnipathR/internal/id_types.json` (encoding: UTF-8).
[2025-04-01 23:48:07] [TRACE]   [OmnipathR] JSON validation successful: TRUE
[2025-04-01 23:48:14] [INFO]    [OmnipathR] Welcome to OmnipathR!
[2025-04-01 23:48:14] [TRACE]   [OmnipathR] Reading JSON from `/Users/hungm/Library/Caches/OmnipathR/cache.json` (encoding: UTF-8).
[2025-04-01 23:48:14] [TRACE]   [OmnipathR] JSON validation successful: TRUE
[2025-04-01 23:48:14] [INFO]    [OmnipathR] Initialized cache: `/Users/hungm/Library/Caches/OmnipathR`.
[2025-04-01 23:48:14] [TRACE]   [OmnipathR] Reading JSON from `/Library/Frameworks/R.framework/Versions/4.4-arm64/Resources/library/OmnipathR/db/db_def.json` (encoding: UTF-8).
[2025-04-01 23:48:14] [TRACE]   [OmnipathR] JSON validation successful: TRUE
[2025-04-01 23:48:14] [TRACE]   [OmnipathR] Reading JSON from `/Library/Frameworks/R.framework/Versions/4.4-arm64/Resources/library/OmnipathR/internal/magic_bytes.json` (encoding: UTF-8).
[2025-04-01 23:48:14] [TRACE]   [OmnipathR] JSON validation successful: TRUE
[2025-04-01 23:48:14] [TRACE]   [OmnipathR] Reading JSON from `/Library/Frameworks/R.framework/Versions/4.4-arm64/Resources/library/OmnipathR/internal/urls.json` (encoding: UTF-8).
[2025-04-01 23:48:14] [TRACE]   [OmnipathR] JSON validation successful: TRUE
[2025-04-01 23:48:14] [TRACE]   [OmnipathR] Reading JSON from `/Library/Frameworks/R.framework/Versions/4.4-arm64/Resources/library/OmnipathR/internal/id_types.json` (encoding: UTF-8).
[2025-04-01 23:48:14] [TRACE]   [OmnipathR] JSON validation successful: TRUE
